
Showing logs for build [32mcb-kubecd-environment-pr-96-57-kghkm-1[0m stage [32mfrom-build-pack[0m and container [32mstep-credential-initializer-j2bgn[0m
{"level":"warn","ts":1575421019.503329,"logger":"fallback-logger","caller":"logging/config.go:69","msg":"Fetch GitHub commit ID from kodata failed: \"ref: refs/heads/master\" is not a valid GitHub commit ID"}
{"level":"info","ts":1575421019.5037196,"logger":"fallback-logger","caller":"creds-init/main.go:40","msg":"Credentials initialized."}

Showing logs for build [32mcb-kubecd-environment-pr-96-57-kghkm-1[0m stage [32mfrom-build-pack[0m and container [32mstep-working-dir-initializer-7rffj[0m
{"level":"warn","ts":1575421020.6024203,"logger":"fallback-logger","caller":"logging/config.go:69","msg":"Fetch GitHub commit ID from kodata failed: open /var/run/ko/HEAD: no such file or directory"}
{"level":"info","ts":1575421020.603284,"logger":"fallback-logger","caller":"bash/main.go:65","msg":"Successfully executed command \"mkdir -p /workspace/source\""}

Showing logs for build [32mcb-kubecd-environment-pr-96-57-kghkm-1[0m stage [32mfrom-build-pack[0m and container [32mstep-place-tools[0m

Showing logs for build [32mcb-kubecd-environment-pr-96-57-kghkm-1[0m stage [32mfrom-build-pack[0m and container [32mstep-git-source-cb-kubecd-environment-pr-96-57-4s8zz[0m
{"level":"warn","ts":1575421026.6523564,"logger":"fallback-logger","caller":"logging/config.go:69","msg":"Fetch GitHub commit ID from kodata failed: \"ref: refs/heads/master\" is not a valid GitHub commit ID"}
{"level":"info","ts":1575421026.8151999,"logger":"fallback-logger","caller":"git/git.go:102","msg":"Successfully cloned https://github.com/cb-kubecd/environment-pr-96-57-boot-eks-staging.git @ master in path /workspace/source"}

Showing logs for build [32mcb-kubecd-environment-pr-96-57-kghkm-1[0m stage [32mfrom-build-pack[0m and container [32mstep-git-merge[0m
Using SHAs from PULL_REFS=master:6e250761f708c6c1bc9c74b300eb425967381ace,3:04e30acecf840d59365e018530be682e6ed38a5d
DEBUG: ran git fetch --unshallow origin 04e30acecf840d59365e018530be682e6ed38a5d: 6e250761f708c6c1bc9c74b300eb425967381ace: in 
DEBUG: ran git checkout master in 
DEBUG: ran git reset --hard 6e250761f708c6c1bc9c74b300eb425967381ace in 
DEBUG: ran clean --force -d . in 
DEBUG: ran git merge 04e30acecf840d59365e018530be682e6ed38a5d in 
Merged SHA 04e30acecf840d59365e018530be682e6ed38a5d with commit message 'chore: Promote bdd-gh-1575420256 to version 0.0.1' into base branch master

Showing logs for build [32mcb-kubecd-environment-pr-96-57-kghkm-1[0m stage [32mfrom-build-pack[0m and container [32mstep-build-helm-build[0m
WARNING: No $CHART_REPOSITORY defined so using the default value of: http://jenkins-x-chartmuseum:8080
Adding missing Helm repo: storage.googleapis.com https://storage.googleapis.com/chartmuseum.jenkins-x.io
Read credentials for https://storage.googleapis.com/chartmuseum.jenkins-x.io from vault helm/repos
Successfully added Helm repository storage.googleapis.com.
Adding missing Helm repo: jenkins-x-chartmuseum http://jenkins-x-chartmuseum:8080
Read credentials for http://jenkins-x-chartmuseum:8080 from vault helm/repos
Successfully added Helm repository jenkins-x-chartmuseum.
WARNING: No $CHART_REPOSITORY defined so using the default value of: http://jenkins-x-chartmuseum:8080
Adding missing Helm repo: chartmuseum.jenkins-x.io http://chartmuseum.jenkins-x.io
Read credentials for http://chartmuseum.jenkins-x.io from vault helm/repos
Successfully added Helm repository chartmuseum.jenkins-x.io.
