
Showing logs for build [32mcb-kubecd-environment-pr-96-57-zkd6v-1[0m stage [32mfrom-build-pack[0m and container [32mstep-credential-initializer-4489r[0m
{"level":"warn","ts":1575421713.9727015,"logger":"fallback-logger","caller":"logging/config.go:69","msg":"Fetch GitHub commit ID from kodata failed: \"ref: refs/heads/master\" is not a valid GitHub commit ID"}
{"level":"info","ts":1575421713.97305,"logger":"fallback-logger","caller":"creds-init/main.go:40","msg":"Credentials initialized."}

Showing logs for build [32mcb-kubecd-environment-pr-96-57-zkd6v-1[0m stage [32mfrom-build-pack[0m and container [32mstep-working-dir-initializer-mt6xb[0m
{"level":"warn","ts":1575421715.0228128,"logger":"fallback-logger","caller":"logging/config.go:69","msg":"Fetch GitHub commit ID from kodata failed: open /var/run/ko/HEAD: no such file or directory"}
{"level":"info","ts":1575421715.0237007,"logger":"fallback-logger","caller":"bash/main.go:65","msg":"Successfully executed command \"mkdir -p /workspace/source\""}

Showing logs for build [32mcb-kubecd-environment-pr-96-57-zkd6v-1[0m stage [32mfrom-build-pack[0m and container [32mstep-place-tools[0m

Showing logs for build [32mcb-kubecd-environment-pr-96-57-zkd6v-1[0m stage [32mfrom-build-pack[0m and container [32mstep-git-source-cb-kubecd-environment-pr-96-57-gc8xp[0m
{"level":"warn","ts":1575421721.20786,"logger":"fallback-logger","caller":"logging/config.go:69","msg":"Fetch GitHub commit ID from kodata failed: \"ref: refs/heads/master\" is not a valid GitHub commit ID"}
{"level":"info","ts":1575421721.372317,"logger":"fallback-logger","caller":"git/git.go:102","msg":"Successfully cloned https://github.com/cb-kubecd/environment-pr-96-57-boot-eks-staging.git @ master in path /workspace/source"}

Showing logs for build [32mcb-kubecd-environment-pr-96-57-zkd6v-1[0m stage [32mfrom-build-pack[0m and container [32mstep-git-merge[0m
Using SHAs from PULL_REFS=master:3c07171cd99a6fcba0a99ff84338a86beddab5c0,4:ac24423fdbff23a3ffbb50508015ae93814dd81d
DEBUG: ran git fetch --unshallow origin ac24423fdbff23a3ffbb50508015ae93814dd81d: 3c07171cd99a6fcba0a99ff84338a86beddab5c0: in 
DEBUG: ran git checkout master in 
DEBUG: ran git reset --hard 3c07171cd99a6fcba0a99ff84338a86beddab5c0 in 
DEBUG: ran clean --force -d . in 
DEBUG: ran git merge ac24423fdbff23a3ffbb50508015ae93814dd81d in 
Merged SHA ac24423fdbff23a3ffbb50508015ae93814dd81d with commit message 'chore: Promote bdd-nh-1575420256 to version 0.0.1' into base branch master

Showing logs for build [32mcb-kubecd-environment-pr-96-57-zkd6v-1[0m stage [32mfrom-build-pack[0m and container [32mstep-build-helm-build[0m
WARNING: No $CHART_REPOSITORY defined so using the default value of: http://jenkins-x-chartmuseum:8080
Adding missing Helm repo: storage.googleapis.com https://storage.googleapis.com/chartmuseum.jenkins-x.io
Read credentials for https://storage.googleapis.com/chartmuseum.jenkins-x.io from vault helm/repos
Successfully added Helm repository storage.googleapis.com.
Adding missing Helm repo: jenkins-x-chartmuseum http://jenkins-x-chartmuseum:8080
Read credentials for http://jenkins-x-chartmuseum:8080 from vault helm/repos
Successfully added Helm repository jenkins-x-chartmuseum.
WARNING: No $CHART_REPOSITORY defined so using the default value of: http://jenkins-x-chartmuseum:8080
Adding missing Helm repo: chartmuseum.jenkins-x.io http://chartmuseum.jenkins-x.io
Read credentials for http://chartmuseum.jenkins-x.io from vault helm/repos
Successfully added Helm repository chartmuseum.jenkins-x.io.
